<?xml version="1.0" encoding="UTF-8"?>
<!-- Generated by org.testng.reporters.JUnitReportReporter -->
<testsuite skipped="0" hostname="KISHORZZZZ-PC" name="DBTest4.InsertToDB" tests="1" failures="0" timestamp="11 Jan 2019 18:48:03 GMT" time="1.077" errors="0">
  <testcase name="InsertToDB" time="1.077" classname="DBTest4.InsertToDB"/>
</testsuite> <!-- DBTest4.InsertToDB -->
