<?xml version="1.0" encoding="UTF-8"?>
<!-- Generated by org.testng.reporters.JUnitReportReporter -->
<testsuite skipped="0" hostname="KISHORZZZZ-PC" name="DBTest3.DatabaseTestingDemo4" tests="1" failures="0" timestamp="11 Jan 2019 18:05:29 GMT" time="0.650" errors="0">
  <testcase name="test" time="0.650" classname="DBTest3.DatabaseTestingDemo4"/>
</testsuite> <!-- DBTest3.DatabaseTestingDemo4 -->
