<?xml version="1.0" encoding="UTF-8"?>
<!-- Generated by org.testng.reporters.JUnitReportReporter -->
<testsuite skipped="0" hostname="KISHORZZZZ-PC" name="skipMethods.SkipAMethod" tests="1" failures="0" timestamp="25 Jan 2019 18:25:09 GMT" time="0.016" errors="0">
  <testcase name="method3" time="0.016" classname="skipMethods.SkipAMethod"/>
</testsuite> <!-- skipMethods.SkipAMethod -->
