<?xml version="1.0" encoding="UTF-8"?>
<!-- Generated by org.testng.reporters.JUnitReportReporter -->
<testsuite skipped="0" hostname="KISHORZZZZ-PC" name="DBTest.UpdateRecordInDB" tests="1" failures="0" timestamp="25 Dec 2018 08:34:25 GMT" time="0.668" errors="0">
  <testcase name="printTableData" time="0.668" classname="DBTest.UpdateRecordInDB"/>
</testsuite> <!-- DBTest.UpdateRecordInDB -->
