<?xml version="1.0" encoding="UTF-8"?>
<!-- Generated by org.testng.reporters.JUnitReportReporter -->
<testsuite skipped="0" hostname="KISHORZZZZ-PC" name="test.Abc" tests="1" failures="0" timestamp="25 Nov 2018 18:32:07 GMT" time="0.009" errors="0">
  <testcase name="f" time="0.009" classname="test.Abc"/>
</testsuite> <!-- test.Abc -->
