<?xml version="1.0" encoding="UTF-8"?>
<!-- Generated by org.testng.reporters.JUnitReportReporter -->
<testsuite skipped="0" hostname="KISHORZZZZ-PC" name="seleniumGridWith2Nodes.Node1" tests="1" failures="0" timestamp="15 Jan 2019 20:23:50 GMT" time="41.594" errors="0">
  <testcase name="sameSystem" time="41.594" classname="seleniumGridWith2Nodes.Node1"/>
</testsuite> <!-- seleniumGridWith2Nodes.Node1 -->
