<?xml version="1.0" encoding="UTF-8"?>
<!-- Generated by org.testng.reporters.JUnitReportReporter -->
<testsuite skipped="0" hostname="KISHORZZZZ-PC" name="test.WriteExcelSheet" tests="1" failures="0" timestamp="06 Jan 2019 09:45:45 GMT" time="0.620" errors="0">
  <testcase name="testExcel" time="0.620" classname="test.WriteExcelSheet"/>
</testsuite> <!-- test.WriteExcelSheet -->
