<?xml version="1.0" encoding="UTF-8"?>
<!-- Generated by org.testng.reporters.JUnitReportReporter -->
<testsuite skipped="0" hostname="KISHORZZZZ-PC" name="DBTest3.DatabaseTestingDemo3" tests="1" failures="0" timestamp="11 Jan 2019 17:56:04 GMT" time="0.694" errors="0">
  <testcase name="test" time="0.694" classname="DBTest3.DatabaseTestingDemo3"/>
</testsuite> <!-- DBTest3.DatabaseTestingDemo3 -->
