<?xml version="1.0" encoding="UTF-8"?>
<!-- Generated by org.testng.reporters.JUnitReportReporter -->
<testsuite skipped="0" hostname="KISHORZZZZ-PC" name="seleniumGrid.GridTest" tests="1" failures="0" timestamp="15 Jan 2019 10:44:28 GMT" time="29.340" errors="0">
  <testcase name="sameSystem" time="29.340" classname="seleniumGrid.GridTest"/>
</testsuite> <!-- seleniumGrid.GridTest -->
