<?xml version="1.0" encoding="UTF-8"?>
<!-- Generated by org.testng.reporters.JUnitReportReporter -->
<testsuite skipped="0" hostname="KISHORZZZZ-PC" name="DBTest3.DatabaseTestingDemo2" tests="1" failures="0" timestamp="11 Jan 2019 17:52:43 GMT" time="0.671" errors="0">
  <testcase name="test" time="0.671" classname="DBTest3.DatabaseTestingDemo2"/>
</testsuite> <!-- DBTest3.DatabaseTestingDemo2 -->
