<?xml version="1.0" encoding="UTF-8"?>
<!-- Generated by org.testng.reporters.JUnitReportReporter -->
<testsuite skipped="0" hostname="KISHORZZZZ-PC" name="programmingPractice.TestDb" tests="1" failures="0" timestamp="23 Dec 2018 17:55:36 GMT" time="0.016" errors="0">
  <testcase name="TestVerifyDB" time="0.016" classname="programmingPractice.TestDb"/>
</testsuite> <!-- programmingPractice.TestDb -->
