<?xml version="1.0" encoding="UTF-8"?>
<!-- Generated by org.testng.reporters.JUnitReportReporter -->
<testsuite skipped="0" hostname="KISHORZZZZ-PC" name="DBTest.MySqlReadDataWithWhereClause" tests="1" failures="0" timestamp="04 Jan 2019 19:50:05 GMT" time="0.709" errors="0">
  <testcase name="printTableData" time="0.709" classname="DBTest.MySqlReadDataWithWhereClause"/>
</testsuite> <!-- DBTest.MySqlReadDataWithWhereClause -->
