<?xml version="1.0" encoding="UTF-8"?>
<!-- Generated by org.testng.reporters.JUnitReportReporter -->
<testsuite skipped="0" hostname="KISHORZZZZ-PC" name="DBTest.MySqlReadData" tests="1" failures="0" timestamp="19 Mar 2019 09:55:29 GMT" time="2.758" errors="0">
  <testcase name="printTableData" time="2.758" classname="DBTest.MySqlReadData"/>
</testsuite> <!-- DBTest.MySqlReadData -->
