<?xml version="1.0" encoding="UTF-8"?>
<!-- Generated by org.testng.reporters.JUnitReportReporter -->
<testsuite skipped="0" hostname="KISHORZZZZ-PC" name="seleniumProg.MySqlReadData" tests="1" failures="0" timestamp="25 Dec 2018 08:19:09 GMT" time="1.198" errors="0">
  <testcase name="printTableData" time="1.198" classname="seleniumProg.MySqlReadData"/>
</testsuite> <!-- seleniumProg.MySqlReadData -->
