<?xml version="1.0" encoding="UTF-8"?>
<!-- Generated by org.testng.reporters.JUnitReportReporter -->
<testsuite skipped="0" hostname="KISHORZZZZ-PC" name="seleniumGrid.ChromeTest" tests="1" failures="0" timestamp="15 Jan 2019 19:32:43 GMT" time="15.574" errors="0">
  <testcase name="sameSystem" time="15.574" classname="seleniumGrid.ChromeTest"/>
</testsuite> <!-- seleniumGrid.ChromeTest -->
