<?xml version="1.0" encoding="UTF-8"?>
<!-- Generated by org.testng.reporters.JUnitReportReporter -->
<testsuite skipped="0" hostname="KISHORZZZZ-PC" name="DBTest.MySqlReadData2" tests="1" failures="0" timestamp="25 Dec 2018 08:29:45 GMT" time="0.692" errors="0">
  <testcase name="printTableData" time="0.692" classname="DBTest.MySqlReadData2"/>
</testsuite> <!-- DBTest.MySqlReadData2 -->
