<?xml version="1.0" encoding="UTF-8"?>
<!-- Generated by org.testng.reporters.JUnitReportReporter -->
<testsuite skipped="0" hostname="KISHORZZZZ-PC" name="DBTest3.DatabaseTestingDemo5" tests="1" failures="0" timestamp="11 Jan 2019 18:11:35 GMT" time="0.631" errors="0">
  <testcase name="test" time="0.631" classname="DBTest3.DatabaseTestingDemo5"/>
</testsuite> <!-- DBTest3.DatabaseTestingDemo5 -->
