<?xml version="1.0" encoding="UTF-8"?>
<!-- Generated by org.testng.reporters.JUnitReportReporter -->
<testsuite skipped="0" hostname="KISHORZZZZ-PC" name="test.TestOptional" tests="1" failures="0" timestamp="19 Jan 2019 10:49:55 GMT" time="0.011" errors="0">
  <testcase name="abc" time="0.011" classname="test.TestOptional"/>
</testsuite> <!-- test.TestOptional -->
